<?xml version="1.0" encoding="UTF-8"?>
<!-- Generated by org.testng.reporters.JUnitXMLReporter -->
<testsuite ignored="0" hostname="DESKTOP-HKUB798" failures="0" tests="4" name="Test1" time="28.077" errors="0" timestamp="2021-10-29T11:18:54 IST">
  <testcase classname="testng.Flipkart" name="test4" time="11.39"/>
  <testcase classname="testng.Amazon" name="test2" time="6.611"/>
  <testcase classname="testng.Myntra" name="test3" time="6.596"/>
  <testcase classname="testng.Snaddeel" name="test1" time="3.402"/>
</testsuite> <!-- Test1 -->
