<?xml version="1.0" encoding="UTF-8"?>
<!-- Generated by org.testng.reporters.JUnitXMLReporter -->
<testsuite ignored="2" hostname="DESKTOP-HKUB798" failures="0" tests="2" name="Test" time="0.095" errors="0" timestamp="2021-11-19T17:40:59 IST">
  <testcase classname="testng.GRoup1" name="sample1" time="0.014"/>
  <testcase classname="testng.Group2" name="sample4" time="0.002"/>
  <testcase classname="testng.Group2" name="sample3" time="0.0">
    <ignored/>
  </testcase> <!-- sample3 -->
  <testcase classname="testng.GRoup1" name="sample2" time="0.0">
    <ignored/>
  </testcase> <!-- sample2 -->
</testsuite> <!-- Test -->
