<?xml version="1.0" encoding="UTF-8"?>
<testng-results ignored="2" total="4" passed="2" failed="0" skipped="0">
  <reporter-output>
  </reporter-output>
  <suite started-at="2021-11-19T17:40:59 IST" name="Suite" finished-at="2021-11-19T17:40:59 IST" duration-ms="95">
    <groups>
      <group name="smoke">
        <method signature="GRoup1.sample1()[pri:0, instance:testng.GRoup1@49c386c8]" name="sample1" class="testng.GRoup1"/>
        <method signature="Group2.sample4()[pri:0, instance:testng.Group2@1534f01b]" name="sample4" class="testng.Group2"/>
      </group> <!-- smoke -->
    </groups>
    <test started-at="2021-11-19T17:40:59 IST" name="Test" finished-at="2021-11-19T17:40:59 IST" duration-ms="95">
      <class name="testng.GRoup1">
        <test-method signature="sample1()[pri:0, instance:testng.GRoup1@49c386c8]" started-at="2021-11-19T17:40:59 IST" name="sample1" finished-at="2021-11-19T17:40:59 IST" duration-ms="14" status="PASS">
          <reporter-output>
          </reporter-output>
        </test-method> <!-- sample1 -->
      </class> <!-- testng.GRoup1 -->
      <class name="testng.Group2">
        <test-method signature="sample4()[pri:0, instance:testng.Group2@1534f01b]" started-at="2021-11-19T17:40:59 IST" name="sample4" finished-at="2021-11-19T17:40:59 IST" duration-ms="2" status="PASS">
          <reporter-output>
          </reporter-output>
        </test-method> <!-- sample4 -->
      </class> <!-- testng.Group2 -->
    </test> <!-- Test -->
  </suite> <!-- Suite -->
</testng-results>
